Performing C++ SOURCE FILE Test check_cxx_compiler_flag__march_penryn failed with the following output:
Change Dir: /home/gdem5/instalador/instalador_prueba/project/hsi_system/compiled/CMakeFiles/CMakeTmp

Run Build Command:/usr/bin/make "cmTryCompileExec/fast"
/usr/bin/make -f CMakeFiles/cmTryCompileExec.dir/build.make CMakeFiles/cmTryCompileExec.dir/build
make[1]: Entering directory `/home/gdem5/instalador/instalador_prueba/project/hsi_system/compiled/CMakeFiles/CMakeTmp'
/usr/bin/cmake -E cmake_progress_report /home/gdem5/instalador/instalador_prueba/project/hsi_system/compiled/CMakeFiles/CMakeTmp/CMakeFiles 1
Building CXX object CMakeFiles/cmTryCompileExec.dir/src.cxx.o
/usr/bin/c++    -Dcheck_cxx_compiler_flag__march_penryn   -march=penryn -o CMakeFiles/cmTryCompileExec.dir/src.cxx.o -c /home/gdem5/instalador/instalador_prueba/project/hsi_system/compiled/CMakeFiles/CMakeTmp/src.cxx
/home/gdem5/instalador/instalador_prueba/project/hsi_system/compiled/CMakeFiles/CMakeTmp/src.cxx:1:0: error: bad value (penryn) for -march= switch
make[1]: *** [CMakeFiles/cmTryCompileExec.dir/src.cxx.o] Error 1
make[1]: Leaving directory `/home/gdem5/instalador/instalador_prueba/project/hsi_system/compiled/CMakeFiles/CMakeTmp'
make: *** [cmTryCompileExec/fast] Error 2

Source file was:
int main() { return 0; }
Performing C++ SOURCE FILE Test check_cxx_compiler_flag__mno_avx2 failed with the following output:
Change Dir: /home/gdem5/instalador/instalador_prueba/project/hsi_system/compiled/CMakeFiles/CMakeTmp

Run Build Command:/usr/bin/make "cmTryCompileExec/fast"
/usr/bin/make -f CMakeFiles/cmTryCompileExec.dir/build.make CMakeFiles/cmTryCompileExec.dir/build
make[1]: Entering directory `/home/gdem5/instalador/instalador_prueba/project/hsi_system/compiled/CMakeFiles/CMakeTmp'
/usr/bin/cmake -E cmake_progress_report /home/gdem5/instalador/instalador_prueba/project/hsi_system/compiled/CMakeFiles/CMakeTmp/CMakeFiles 1
Building CXX object CMakeFiles/cmTryCompileExec.dir/src.cxx.o
/usr/bin/c++    -Dcheck_cxx_compiler_flag__mno_avx2   -mno-avx2 -o CMakeFiles/cmTryCompileExec.dir/src.cxx.o -c /home/gdem5/instalador/instalador_prueba/project/hsi_system/compiled/CMakeFiles/CMakeTmp/src.cxx
cc1plus: error: unrecognized command line option ‘-mno-avx2’
make[1]: *** [CMakeFiles/cmTryCompileExec.dir/src.cxx.o] Error 1
make[1]: Leaving directory `/home/gdem5/instalador/instalador_prueba/project/hsi_system/compiled/CMakeFiles/CMakeTmp'
make: *** [cmTryCompileExec/fast] Error 2

Source file was:
int main() { return 0; }
Determining if the function pthread_create exists in the pthreads failed with the following output:
Change Dir: /home/gdem5/instalador/instalador_prueba/project/hsi_system/compiled/CMakeFiles/CMakeTmp

Run Build Command:/usr/bin/make "cmTryCompileExec/fast"
/usr/bin/make -f CMakeFiles/cmTryCompileExec.dir/build.make CMakeFiles/cmTryCompileExec.dir/build
make[1]: Entering directory `/home/gdem5/instalador/instalador_prueba/project/hsi_system/compiled/CMakeFiles/CMakeTmp'
/usr/bin/cmake -E cmake_progress_report /home/gdem5/instalador/instalador_prueba/project/hsi_system/compiled/CMakeFiles/CMakeTmp/CMakeFiles 1
Building C object CMakeFiles/cmTryCompileExec.dir/CheckFunctionExists.c.o
/usr/bin/gcc   -DCHECK_FUNCTION_EXISTS=pthread_create   -o CMakeFiles/cmTryCompileExec.dir/CheckFunctionExists.c.o   -c /usr/share/cmake-2.8/Modules/CheckFunctionExists.c
Linking C executable cmTryCompileExec
/usr/bin/cmake -E cmake_link_script CMakeFiles/cmTryCompileExec.dir/link.txt --verbose=1
/usr/bin/gcc     -DCHECK_FUNCTION_EXISTS=pthread_create    CMakeFiles/cmTryCompileExec.dir/CheckFunctionExists.c.o  -o cmTryCompileExec -rdynamic -lpthreads 
/usr/bin/ld: cannot find -lpthreads
collect2: ld returned 1 exit status
make[1]: *** [cmTryCompileExec] Error 1
make[1]: Leaving directory `/home/gdem5/instalador/instalador_prueba/project/hsi_system/compiled/CMakeFiles/CMakeTmp'
make: *** [cmTryCompileExec/fast] Error 2


Performing C++ SOURCE FILE Test check_cxx_compiler_flag__march_merom failed with the following output:
Change Dir: /home/skynet/instalador/instalador_prueba/project/hsi_system/compiled/CMakeFiles/CMakeTmp

Run Build Command:/usr/bin/make "cmTryCompileExec/fast"
/usr/bin/make -f CMakeFiles/cmTryCompileExec.dir/build.make CMakeFiles/cmTryCompileExec.dir/build
make[1]: se ingresa al directorio «/home/skynet/instalador/instalador_prueba/project/hsi_system/compiled/CMakeFiles/CMakeTmp»
/usr/bin/cmake -E cmake_progress_report /home/skynet/instalador/instalador_prueba/project/hsi_system/compiled/CMakeFiles/CMakeTmp/CMakeFiles 1
Building CXX object CMakeFiles/cmTryCompileExec.dir/src.cxx.o
/usr/bin/c++    -Dcheck_cxx_compiler_flag__march_merom   -march=merom -o CMakeFiles/cmTryCompileExec.dir/src.cxx.o -c /home/skynet/instalador/instalador_prueba/project/hsi_system/compiled/CMakeFiles/CMakeTmp/src.cxx
/home/skynet/instalador/instalador_prueba/project/hsi_system/compiled/CMakeFiles/CMakeTmp/src.cxx:1:0: error: valor erróneo (merom) para -march= switch
make[1]: *** [CMakeFiles/cmTryCompileExec.dir/src.cxx.o] Error 1
make[1]: se sale del directorio «/home/skynet/instalador/instalador_prueba/project/hsi_system/compiled/CMakeFiles/CMakeTmp»
make: *** [cmTryCompileExec/fast] Error 2

Source file was:
int main() { return 0; }
Performing C++ SOURCE FILE Test check_cxx_compiler_flag__mno_avx2 failed with the following output:
Change Dir: /home/skynet/instalador/instalador_prueba/project/hsi_system/compiled/CMakeFiles/CMakeTmp

Run Build Command:/usr/bin/make "cmTryCompileExec/fast"
/usr/bin/make -f CMakeFiles/cmTryCompileExec.dir/build.make CMakeFiles/cmTryCompileExec.dir/build
make[1]: se ingresa al directorio «/home/skynet/instalador/instalador_prueba/project/hsi_system/compiled/CMakeFiles/CMakeTmp»
/usr/bin/cmake -E cmake_progress_report /home/skynet/instalador/instalador_prueba/project/hsi_system/compiled/CMakeFiles/CMakeTmp/CMakeFiles 1
Building CXX object CMakeFiles/cmTryCompileExec.dir/src.cxx.o
/usr/bin/c++    -Dcheck_cxx_compiler_flag__mno_avx2   -mno-avx2 -o CMakeFiles/cmTryCompileExec.dir/src.cxx.o -c /home/skynet/instalador/instalador_prueba/project/hsi_system/compiled/CMakeFiles/CMakeTmp/src.cxx
cc1plus: error: no se reconoce la opción de línea de órdenes ‘-mno-avx2’
make[1]: *** [CMakeFiles/cmTryCompileExec.dir/src.cxx.o] Error 1
make[1]: se sale del directorio «/home/skynet/instalador/instalador_prueba/project/hsi_system/compiled/CMakeFiles/CMakeTmp»
make: *** [cmTryCompileExec/fast] Error 2

Source file was:
int main() { return 0; }
Determining if the function pthread_create exists in the pthreads failed with the following output:
Change Dir: /home/skynet/instalador/instalador_prueba/project/hsi_system/compiled/CMakeFiles/CMakeTmp

Run Build Command:/usr/bin/make "cmTryCompileExec/fast"
/usr/bin/make -f CMakeFiles/cmTryCompileExec.dir/build.make CMakeFiles/cmTryCompileExec.dir/build
make[1]: se ingresa al directorio «/home/skynet/instalador/instalador_prueba/project/hsi_system/compiled/CMakeFiles/CMakeTmp»
/usr/bin/cmake -E cmake_progress_report /home/skynet/instalador/instalador_prueba/project/hsi_system/compiled/CMakeFiles/CMakeTmp/CMakeFiles 1
Building C object CMakeFiles/cmTryCompileExec.dir/CheckFunctionExists.c.o
/usr/bin/gcc   -DCHECK_FUNCTION_EXISTS=pthread_create   -o CMakeFiles/cmTryCompileExec.dir/CheckFunctionExists.c.o   -c /usr/share/cmake-2.8/Modules/CheckFunctionExists.c
Linking C executable cmTryCompileExec
/usr/bin/cmake -E cmake_link_script CMakeFiles/cmTryCompileExec.dir/link.txt --verbose=1
/usr/bin/gcc     -DCHECK_FUNCTION_EXISTS=pthread_create    CMakeFiles/cmTryCompileExec.dir/CheckFunctionExists.c.o  -o cmTryCompileExec -rdynamic -lpthreads 
/usr/bin/ld: cannot find -lpthreads
collect2: ld devolvió el estado de salida 1
make[1]: *** [cmTryCompileExec] Error 1
make[1]: se sale del directorio «/home/skynet/instalador/instalador_prueba/project/hsi_system/compiled/CMakeFiles/CMakeTmp»
make: *** [cmTryCompileExec/fast] Error 2


Performing C++ SOURCE FILE Test check_cxx_compiler_flag__march_merom failed with the following output:
Change Dir: /home/skynet/instalador/instalador_prueba/project/hsi_system_Optimized_v1.0/compiled/CMakeFiles/CMakeTmp

Run Build Command:/usr/bin/make "cmTryCompileExec/fast"
/usr/bin/make -f CMakeFiles/cmTryCompileExec.dir/build.make CMakeFiles/cmTryCompileExec.dir/build
make[1]: se ingresa al directorio «/home/skynet/instalador/instalador_prueba/project/hsi_system_Optimized_v1.0/compiled/CMakeFiles/CMakeTmp»
/usr/bin/cmake -E cmake_progress_report /home/skynet/instalador/instalador_prueba/project/hsi_system_Optimized_v1.0/compiled/CMakeFiles/CMakeTmp/CMakeFiles 1
Building CXX object CMakeFiles/cmTryCompileExec.dir/src.cxx.o
/usr/bin/c++    -Dcheck_cxx_compiler_flag__march_merom   -march=merom -o CMakeFiles/cmTryCompileExec.dir/src.cxx.o -c /home/skynet/instalador/instalador_prueba/project/hsi_system_Optimized_v1.0/compiled/CMakeFiles/CMakeTmp/src.cxx
/home/skynet/instalador/instalador_prueba/project/hsi_system_Optimized_v1.0/compiled/CMakeFiles/CMakeTmp/src.cxx:1:0: error: valor erróneo (merom) para -march= switch
make[1]: *** [CMakeFiles/cmTryCompileExec.dir/src.cxx.o] Error 1
make[1]: se sale del directorio «/home/skynet/instalador/instalador_prueba/project/hsi_system_Optimized_v1.0/compiled/CMakeFiles/CMakeTmp»
make: *** [cmTryCompileExec/fast] Error 2

Source file was:
int main() { return 0; }
Performing C++ SOURCE FILE Test check_cxx_compiler_flag__mno_avx2 failed with the following output:
Change Dir: /home/skynet/instalador/instalador_prueba/project/hsi_system_Optimized_v1.0/compiled/CMakeFiles/CMakeTmp

Run Build Command:/usr/bin/make "cmTryCompileExec/fast"
/usr/bin/make -f CMakeFiles/cmTryCompileExec.dir/build.make CMakeFiles/cmTryCompileExec.dir/build
make[1]: se ingresa al directorio «/home/skynet/instalador/instalador_prueba/project/hsi_system_Optimized_v1.0/compiled/CMakeFiles/CMakeTmp»
/usr/bin/cmake -E cmake_progress_report /home/skynet/instalador/instalador_prueba/project/hsi_system_Optimized_v1.0/compiled/CMakeFiles/CMakeTmp/CMakeFiles 1
Building CXX object CMakeFiles/cmTryCompileExec.dir/src.cxx.o
/usr/bin/c++    -Dcheck_cxx_compiler_flag__mno_avx2   -mno-avx2 -o CMakeFiles/cmTryCompileExec.dir/src.cxx.o -c /home/skynet/instalador/instalador_prueba/project/hsi_system_Optimized_v1.0/compiled/CMakeFiles/CMakeTmp/src.cxx
cc1plus: error: no se reconoce la opción de línea de órdenes ‘-mno-avx2’
make[1]: *** [CMakeFiles/cmTryCompileExec.dir/src.cxx.o] Error 1
make[1]: se sale del directorio «/home/skynet/instalador/instalador_prueba/project/hsi_system_Optimized_v1.0/compiled/CMakeFiles/CMakeTmp»
make: *** [cmTryCompileExec/fast] Error 2

Source file was:
int main() { return 0; }
Determining if the function pthread_create exists in the pthreads failed with the following output:
Change Dir: /home/skynet/instalador/instalador_prueba/project/hsi_system_Optimized_v1.0/compiled/CMakeFiles/CMakeTmp

Run Build Command:/usr/bin/make "cmTryCompileExec/fast"
/usr/bin/make -f CMakeFiles/cmTryCompileExec.dir/build.make CMakeFiles/cmTryCompileExec.dir/build
make[1]: se ingresa al directorio «/home/skynet/instalador/instalador_prueba/project/hsi_system_Optimized_v1.0/compiled/CMakeFiles/CMakeTmp»
/usr/bin/cmake -E cmake_progress_report /home/skynet/instalador/instalador_prueba/project/hsi_system_Optimized_v1.0/compiled/CMakeFiles/CMakeTmp/CMakeFiles 1
Building C object CMakeFiles/cmTryCompileExec.dir/CheckFunctionExists.c.o
/usr/bin/gcc   -DCHECK_FUNCTION_EXISTS=pthread_create   -o CMakeFiles/cmTryCompileExec.dir/CheckFunctionExists.c.o   -c /usr/share/cmake-2.8/Modules/CheckFunctionExists.c
Linking C executable cmTryCompileExec
/usr/bin/cmake -E cmake_link_script CMakeFiles/cmTryCompileExec.dir/link.txt --verbose=1
/usr/bin/gcc     -DCHECK_FUNCTION_EXISTS=pthread_create    CMakeFiles/cmTryCompileExec.dir/CheckFunctionExists.c.o  -o cmTryCompileExec -rdynamic -lpthreads 
/usr/bin/ld: cannot find -lpthreads
collect2: ld devolvió el estado de salida 1
make[1]: *** [cmTryCompileExec] Error 1
make[1]: se sale del directorio «/home/skynet/instalador/instalador_prueba/project/hsi_system_Optimized_v1.0/compiled/CMakeFiles/CMakeTmp»
make: *** [cmTryCompileExec/fast] Error 2


Performing C++ SOURCE FILE Test check_cxx_compiler_flag__march_merom failed with the following output:
Change Dir: /home/skynet/instalador/instalador_prueba/project/hsi_system_Optimized_v1.0/compiled/CMakeFiles/CMakeTmp

Run Build Command:/usr/bin/make "cmTryCompileExec/fast"
/usr/bin/make -f CMakeFiles/cmTryCompileExec.dir/build.make CMakeFiles/cmTryCompileExec.dir/build
make[1]: se ingresa al directorio «/home/skynet/instalador/instalador_prueba/project/hsi_system_Optimized_v1.0/compiled/CMakeFiles/CMakeTmp»
/usr/bin/cmake -E cmake_progress_report /home/skynet/instalador/instalador_prueba/project/hsi_system_Optimized_v1.0/compiled/CMakeFiles/CMakeTmp/CMakeFiles 1
Building CXX object CMakeFiles/cmTryCompileExec.dir/src.cxx.o
/usr/bin/c++    -Dcheck_cxx_compiler_flag__march_merom   -march=merom -o CMakeFiles/cmTryCompileExec.dir/src.cxx.o -c /home/skynet/instalador/instalador_prueba/project/hsi_system_Optimized_v1.0/compiled/CMakeFiles/CMakeTmp/src.cxx
/home/skynet/instalador/instalador_prueba/project/hsi_system_Optimized_v1.0/compiled/CMakeFiles/CMakeTmp/src.cxx:1:0: error: valor erróneo (merom) para -march= switch
make[1]: *** [CMakeFiles/cmTryCompileExec.dir/src.cxx.o] Error 1
make[1]: se sale del directorio «/home/skynet/instalador/instalador_prueba/project/hsi_system_Optimized_v1.0/compiled/CMakeFiles/CMakeTmp»
make: *** [cmTryCompileExec/fast] Error 2

Source file was:
int main() { return 0; }
Performing C++ SOURCE FILE Test check_cxx_compiler_flag__mno_avx2 failed with the following output:
Change Dir: /home/skynet/instalador/instalador_prueba/project/hsi_system_Optimized_v1.0/compiled/CMakeFiles/CMakeTmp

Run Build Command:/usr/bin/make "cmTryCompileExec/fast"
/usr/bin/make -f CMakeFiles/cmTryCompileExec.dir/build.make CMakeFiles/cmTryCompileExec.dir/build
make[1]: se ingresa al directorio «/home/skynet/instalador/instalador_prueba/project/hsi_system_Optimized_v1.0/compiled/CMakeFiles/CMakeTmp»
/usr/bin/cmake -E cmake_progress_report /home/skynet/instalador/instalador_prueba/project/hsi_system_Optimized_v1.0/compiled/CMakeFiles/CMakeTmp/CMakeFiles 1
Building CXX object CMakeFiles/cmTryCompileExec.dir/src.cxx.o
/usr/bin/c++    -Dcheck_cxx_compiler_flag__mno_avx2   -mno-avx2 -o CMakeFiles/cmTryCompileExec.dir/src.cxx.o -c /home/skynet/instalador/instalador_prueba/project/hsi_system_Optimized_v1.0/compiled/CMakeFiles/CMakeTmp/src.cxx
cc1plus: error: no se reconoce la opción de línea de órdenes ‘-mno-avx2’
make[1]: *** [CMakeFiles/cmTryCompileExec.dir/src.cxx.o] Error 1
make[1]: se sale del directorio «/home/skynet/instalador/instalador_prueba/project/hsi_system_Optimized_v1.0/compiled/CMakeFiles/CMakeTmp»
make: *** [cmTryCompileExec/fast] Error 2

Source file was:
int main() { return 0; }
Determining if the function pthread_create exists in the pthreads failed with the following output:
Change Dir: /home/skynet/instalador/instalador_prueba/project/hsi_system_Optimized_v1.0/compiled/CMakeFiles/CMakeTmp

Run Build Command:/usr/bin/make "cmTryCompileExec/fast"
/usr/bin/make -f CMakeFiles/cmTryCompileExec.dir/build.make CMakeFiles/cmTryCompileExec.dir/build
make[1]: se ingresa al directorio «/home/skynet/instalador/instalador_prueba/project/hsi_system_Optimized_v1.0/compiled/CMakeFiles/CMakeTmp»
/usr/bin/cmake -E cmake_progress_report /home/skynet/instalador/instalador_prueba/project/hsi_system_Optimized_v1.0/compiled/CMakeFiles/CMakeTmp/CMakeFiles 1
Building C object CMakeFiles/cmTryCompileExec.dir/CheckFunctionExists.c.o
/usr/bin/gcc   -DCHECK_FUNCTION_EXISTS=pthread_create   -o CMakeFiles/cmTryCompileExec.dir/CheckFunctionExists.c.o   -c /usr/share/cmake-2.8/Modules/CheckFunctionExists.c
Linking C executable cmTryCompileExec
/usr/bin/cmake -E cmake_link_script CMakeFiles/cmTryCompileExec.dir/link.txt --verbose=1
/usr/bin/gcc     -DCHECK_FUNCTION_EXISTS=pthread_create    CMakeFiles/cmTryCompileExec.dir/CheckFunctionExists.c.o  -o cmTryCompileExec -rdynamic -lpthreads 
/usr/bin/ld: cannot find -lpthreads
collect2: ld devolvió el estado de salida 1
make[1]: *** [cmTryCompileExec] Error 1
make[1]: se sale del directorio «/home/skynet/instalador/instalador_prueba/project/hsi_system_Optimized_v1.0/compiled/CMakeFiles/CMakeTmp»
make: *** [cmTryCompileExec/fast] Error 2


Performing C++ SOURCE FILE Test check_cxx_compiler_flag__march_merom failed with the following output:
Change Dir: /home/skynet/instalador/instalador_prueba/project/hsi_system_Optimized_v1.0/compiled/CMakeFiles/CMakeTmp

Run Build Command:/usr/bin/make "cmTryCompileExec/fast"
/usr/bin/make -f CMakeFiles/cmTryCompileExec.dir/build.make CMakeFiles/cmTryCompileExec.dir/build
make[1]: se ingresa al directorio «/home/skynet/instalador/instalador_prueba/project/hsi_system_Optimized_v1.0/compiled/CMakeFiles/CMakeTmp»
/usr/bin/cmake -E cmake_progress_report /home/skynet/instalador/instalador_prueba/project/hsi_system_Optimized_v1.0/compiled/CMakeFiles/CMakeTmp/CMakeFiles 1
Building CXX object CMakeFiles/cmTryCompileExec.dir/src.cxx.o
/usr/bin/c++    -Dcheck_cxx_compiler_flag__march_merom   -march=merom -o CMakeFiles/cmTryCompileExec.dir/src.cxx.o -c /home/skynet/instalador/instalador_prueba/project/hsi_system_Optimized_v1.0/compiled/CMakeFiles/CMakeTmp/src.cxx
/home/skynet/instalador/instalador_prueba/project/hsi_system_Optimized_v1.0/compiled/CMakeFiles/CMakeTmp/src.cxx:1:0: error: valor erróneo (merom) para -march= switch
make[1]: *** [CMakeFiles/cmTryCompileExec.dir/src.cxx.o] Error 1
make[1]: se sale del directorio «/home/skynet/instalador/instalador_prueba/project/hsi_system_Optimized_v1.0/compiled/CMakeFiles/CMakeTmp»
make: *** [cmTryCompileExec/fast] Error 2

Source file was:
int main() { return 0; }
Performing C++ SOURCE FILE Test check_cxx_compiler_flag__mno_avx2 failed with the following output:
Change Dir: /home/skynet/instalador/instalador_prueba/project/hsi_system_Optimized_v1.0/compiled/CMakeFiles/CMakeTmp

Run Build Command:/usr/bin/make "cmTryCompileExec/fast"
/usr/bin/make -f CMakeFiles/cmTryCompileExec.dir/build.make CMakeFiles/cmTryCompileExec.dir/build
make[1]: se ingresa al directorio «/home/skynet/instalador/instalador_prueba/project/hsi_system_Optimized_v1.0/compiled/CMakeFiles/CMakeTmp»
/usr/bin/cmake -E cmake_progress_report /home/skynet/instalador/instalador_prueba/project/hsi_system_Optimized_v1.0/compiled/CMakeFiles/CMakeTmp/CMakeFiles 1
Building CXX object CMakeFiles/cmTryCompileExec.dir/src.cxx.o
/usr/bin/c++    -Dcheck_cxx_compiler_flag__mno_avx2   -mno-avx2 -o CMakeFiles/cmTryCompileExec.dir/src.cxx.o -c /home/skynet/instalador/instalador_prueba/project/hsi_system_Optimized_v1.0/compiled/CMakeFiles/CMakeTmp/src.cxx
cc1plus: error: no se reconoce la opción de línea de órdenes ‘-mno-avx2’
make[1]: *** [CMakeFiles/cmTryCompileExec.dir/src.cxx.o] Error 1
make[1]: se sale del directorio «/home/skynet/instalador/instalador_prueba/project/hsi_system_Optimized_v1.0/compiled/CMakeFiles/CMakeTmp»
make: *** [cmTryCompileExec/fast] Error 2

Source file was:
int main() { return 0; }
Determining if the function pthread_create exists in the pthreads failed with the following output:
Change Dir: /home/skynet/instalador/instalador_prueba/project/hsi_system_Optimized_v1.0/compiled/CMakeFiles/CMakeTmp

Run Build Command:/usr/bin/make "cmTryCompileExec/fast"
/usr/bin/make -f CMakeFiles/cmTryCompileExec.dir/build.make CMakeFiles/cmTryCompileExec.dir/build
make[1]: se ingresa al directorio «/home/skynet/instalador/instalador_prueba/project/hsi_system_Optimized_v1.0/compiled/CMakeFiles/CMakeTmp»
/usr/bin/cmake -E cmake_progress_report /home/skynet/instalador/instalador_prueba/project/hsi_system_Optimized_v1.0/compiled/CMakeFiles/CMakeTmp/CMakeFiles 1
Building C object CMakeFiles/cmTryCompileExec.dir/CheckFunctionExists.c.o
/usr/bin/gcc   -DCHECK_FUNCTION_EXISTS=pthread_create   -o CMakeFiles/cmTryCompileExec.dir/CheckFunctionExists.c.o   -c /usr/share/cmake-2.8/Modules/CheckFunctionExists.c
Linking C executable cmTryCompileExec
/usr/bin/cmake -E cmake_link_script CMakeFiles/cmTryCompileExec.dir/link.txt --verbose=1
/usr/bin/gcc     -DCHECK_FUNCTION_EXISTS=pthread_create    CMakeFiles/cmTryCompileExec.dir/CheckFunctionExists.c.o  -o cmTryCompileExec -rdynamic -lpthreads 
/usr/bin/ld: cannot find -lpthreads
collect2: ld devolvió el estado de salida 1
make[1]: *** [cmTryCompileExec] Error 1
make[1]: se sale del directorio «/home/skynet/instalador/instalador_prueba/project/hsi_system_Optimized_v1.0/compiled/CMakeFiles/CMakeTmp»
make: *** [cmTryCompileExec/fast] Error 2


Performing C++ SOURCE FILE Test check_cxx_compiler_flag__march_merom failed with the following output:
Change Dir: /home/skynet/instalador/instalador_prueba/project/hsi_system_Optimized_v1.0/compiled/CMakeFiles/CMakeTmp

Run Build Command:/usr/bin/make "cmTryCompileExec/fast"
/usr/bin/make -f CMakeFiles/cmTryCompileExec.dir/build.make CMakeFiles/cmTryCompileExec.dir/build
make[1]: se ingresa al directorio «/home/skynet/instalador/instalador_prueba/project/hsi_system_Optimized_v1.0/compiled/CMakeFiles/CMakeTmp»
/usr/bin/cmake -E cmake_progress_report /home/skynet/instalador/instalador_prueba/project/hsi_system_Optimized_v1.0/compiled/CMakeFiles/CMakeTmp/CMakeFiles 1
Building CXX object CMakeFiles/cmTryCompileExec.dir/src.cxx.o
/usr/bin/c++    -Dcheck_cxx_compiler_flag__march_merom   -march=merom -o CMakeFiles/cmTryCompileExec.dir/src.cxx.o -c /home/skynet/instalador/instalador_prueba/project/hsi_system_Optimized_v1.0/compiled/CMakeFiles/CMakeTmp/src.cxx
/home/skynet/instalador/instalador_prueba/project/hsi_system_Optimized_v1.0/compiled/CMakeFiles/CMakeTmp/src.cxx:1:0: error: valor erróneo (merom) para -march= switch
make[1]: *** [CMakeFiles/cmTryCompileExec.dir/src.cxx.o] Error 1
make[1]: se sale del directorio «/home/skynet/instalador/instalador_prueba/project/hsi_system_Optimized_v1.0/compiled/CMakeFiles/CMakeTmp»
make: *** [cmTryCompileExec/fast] Error 2

Source file was:
int main() { return 0; }
Performing C++ SOURCE FILE Test check_cxx_compiler_flag__mno_avx2 failed with the following output:
Change Dir: /home/skynet/instalador/instalador_prueba/project/hsi_system_Optimized_v1.0/compiled/CMakeFiles/CMakeTmp

Run Build Command:/usr/bin/make "cmTryCompileExec/fast"
/usr/bin/make -f CMakeFiles/cmTryCompileExec.dir/build.make CMakeFiles/cmTryCompileExec.dir/build
make[1]: se ingresa al directorio «/home/skynet/instalador/instalador_prueba/project/hsi_system_Optimized_v1.0/compiled/CMakeFiles/CMakeTmp»
/usr/bin/cmake -E cmake_progress_report /home/skynet/instalador/instalador_prueba/project/hsi_system_Optimized_v1.0/compiled/CMakeFiles/CMakeTmp/CMakeFiles 1
Building CXX object CMakeFiles/cmTryCompileExec.dir/src.cxx.o
/usr/bin/c++    -Dcheck_cxx_compiler_flag__mno_avx2   -mno-avx2 -o CMakeFiles/cmTryCompileExec.dir/src.cxx.o -c /home/skynet/instalador/instalador_prueba/project/hsi_system_Optimized_v1.0/compiled/CMakeFiles/CMakeTmp/src.cxx
cc1plus: error: no se reconoce la opción de línea de órdenes ‘-mno-avx2’
make[1]: *** [CMakeFiles/cmTryCompileExec.dir/src.cxx.o] Error 1
make[1]: se sale del directorio «/home/skynet/instalador/instalador_prueba/project/hsi_system_Optimized_v1.0/compiled/CMakeFiles/CMakeTmp»
make: *** [cmTryCompileExec/fast] Error 2

Source file was:
int main() { return 0; }
Determining if the function pthread_create exists in the pthreads failed with the following output:
Change Dir: /home/skynet/instalador/instalador_prueba/project/hsi_system_Optimized_v1.0/compiled/CMakeFiles/CMakeTmp

Run Build Command:/usr/bin/make "cmTryCompileExec/fast"
/usr/bin/make -f CMakeFiles/cmTryCompileExec.dir/build.make CMakeFiles/cmTryCompileExec.dir/build
make[1]: se ingresa al directorio «/home/skynet/instalador/instalador_prueba/project/hsi_system_Optimized_v1.0/compiled/CMakeFiles/CMakeTmp»
/usr/bin/cmake -E cmake_progress_report /home/skynet/instalador/instalador_prueba/project/hsi_system_Optimized_v1.0/compiled/CMakeFiles/CMakeTmp/CMakeFiles 1
Building C object CMakeFiles/cmTryCompileExec.dir/CheckFunctionExists.c.o
/usr/bin/gcc   -DCHECK_FUNCTION_EXISTS=pthread_create   -o CMakeFiles/cmTryCompileExec.dir/CheckFunctionExists.c.o   -c /usr/share/cmake-2.8/Modules/CheckFunctionExists.c
Linking C executable cmTryCompileExec
/usr/bin/cmake -E cmake_link_script CMakeFiles/cmTryCompileExec.dir/link.txt --verbose=1
/usr/bin/gcc     -DCHECK_FUNCTION_EXISTS=pthread_create    CMakeFiles/cmTryCompileExec.dir/CheckFunctionExists.c.o  -o cmTryCompileExec -rdynamic -lpthreads 
/usr/bin/ld: cannot find -lpthreads
collect2: ld devolvió el estado de salida 1
make[1]: *** [cmTryCompileExec] Error 1
make[1]: se sale del directorio «/home/skynet/instalador/instalador_prueba/project/hsi_system_Optimized_v1.0/compiled/CMakeFiles/CMakeTmp»
make: *** [cmTryCompileExec/fast] Error 2


Performing C++ SOURCE FILE Test check_cxx_compiler_flag__march_merom failed with the following output:
Change Dir: /home/skynet/instalador/instalador_prueba/project/hsi_system_Optimized_v1.0/compiled/CMakeFiles/CMakeTmp

Run Build Command:/usr/bin/make "cmTryCompileExec/fast"
/usr/bin/make -f CMakeFiles/cmTryCompileExec.dir/build.make CMakeFiles/cmTryCompileExec.dir/build
make[1]: se ingresa al directorio «/home/skynet/instalador/instalador_prueba/project/hsi_system_Optimized_v1.0/compiled/CMakeFiles/CMakeTmp»
/usr/bin/cmake -E cmake_progress_report /home/skynet/instalador/instalador_prueba/project/hsi_system_Optimized_v1.0/compiled/CMakeFiles/CMakeTmp/CMakeFiles 1
Building CXX object CMakeFiles/cmTryCompileExec.dir/src.cxx.o
/usr/bin/c++    -Dcheck_cxx_compiler_flag__march_merom   -march=merom -o CMakeFiles/cmTryCompileExec.dir/src.cxx.o -c /home/skynet/instalador/instalador_prueba/project/hsi_system_Optimized_v1.0/compiled/CMakeFiles/CMakeTmp/src.cxx
/home/skynet/instalador/instalador_prueba/project/hsi_system_Optimized_v1.0/compiled/CMakeFiles/CMakeTmp/src.cxx:1:0: error: valor erróneo (merom) para -march= switch
make[1]: *** [CMakeFiles/cmTryCompileExec.dir/src.cxx.o] Error 1
make[1]: se sale del directorio «/home/skynet/instalador/instalador_prueba/project/hsi_system_Optimized_v1.0/compiled/CMakeFiles/CMakeTmp»
make: *** [cmTryCompileExec/fast] Error 2

Source file was:
int main() { return 0; }
Performing C++ SOURCE FILE Test check_cxx_compiler_flag__mno_avx2 failed with the following output:
Change Dir: /home/skynet/instalador/instalador_prueba/project/hsi_system_Optimized_v1.0/compiled/CMakeFiles/CMakeTmp

Run Build Command:/usr/bin/make "cmTryCompileExec/fast"
/usr/bin/make -f CMakeFiles/cmTryCompileExec.dir/build.make CMakeFiles/cmTryCompileExec.dir/build
make[1]: se ingresa al directorio «/home/skynet/instalador/instalador_prueba/project/hsi_system_Optimized_v1.0/compiled/CMakeFiles/CMakeTmp»
/usr/bin/cmake -E cmake_progress_report /home/skynet/instalador/instalador_prueba/project/hsi_system_Optimized_v1.0/compiled/CMakeFiles/CMakeTmp/CMakeFiles 1
Building CXX object CMakeFiles/cmTryCompileExec.dir/src.cxx.o
/usr/bin/c++    -Dcheck_cxx_compiler_flag__mno_avx2   -mno-avx2 -o CMakeFiles/cmTryCompileExec.dir/src.cxx.o -c /home/skynet/instalador/instalador_prueba/project/hsi_system_Optimized_v1.0/compiled/CMakeFiles/CMakeTmp/src.cxx
cc1plus: error: no se reconoce la opción de línea de órdenes ‘-mno-avx2’
make[1]: *** [CMakeFiles/cmTryCompileExec.dir/src.cxx.o] Error 1
make[1]: se sale del directorio «/home/skynet/instalador/instalador_prueba/project/hsi_system_Optimized_v1.0/compiled/CMakeFiles/CMakeTmp»
make: *** [cmTryCompileExec/fast] Error 2

Source file was:
int main() { return 0; }
Determining if the function pthread_create exists in the pthreads failed with the following output:
Change Dir: /home/skynet/instalador/instalador_prueba/project/hsi_system_Optimized_v1.0/compiled/CMakeFiles/CMakeTmp

Run Build Command:/usr/bin/make "cmTryCompileExec/fast"
/usr/bin/make -f CMakeFiles/cmTryCompileExec.dir/build.make CMakeFiles/cmTryCompileExec.dir/build
make[1]: se ingresa al directorio «/home/skynet/instalador/instalador_prueba/project/hsi_system_Optimized_v1.0/compiled/CMakeFiles/CMakeTmp»
/usr/bin/cmake -E cmake_progress_report /home/skynet/instalador/instalador_prueba/project/hsi_system_Optimized_v1.0/compiled/CMakeFiles/CMakeTmp/CMakeFiles 1
Building C object CMakeFiles/cmTryCompileExec.dir/CheckFunctionExists.c.o
/usr/bin/gcc   -DCHECK_FUNCTION_EXISTS=pthread_create   -o CMakeFiles/cmTryCompileExec.dir/CheckFunctionExists.c.o   -c /usr/share/cmake-2.8/Modules/CheckFunctionExists.c
Linking C executable cmTryCompileExec
/usr/bin/cmake -E cmake_link_script CMakeFiles/cmTryCompileExec.dir/link.txt --verbose=1
/usr/bin/gcc     -DCHECK_FUNCTION_EXISTS=pthread_create    CMakeFiles/cmTryCompileExec.dir/CheckFunctionExists.c.o  -o cmTryCompileExec -rdynamic -lpthreads 
/usr/bin/ld: cannot find -lpthreads
collect2: ld devolvió el estado de salida 1
make[1]: *** [cmTryCompileExec] Error 1
make[1]: se sale del directorio «/home/skynet/instalador/instalador_prueba/project/hsi_system_Optimized_v1.0/compiled/CMakeFiles/CMakeTmp»
make: *** [cmTryCompileExec/fast] Error 2


Performing C++ SOURCE FILE Test check_cxx_compiler_flag__march_merom failed with the following output:
Change Dir: /home/skynet/instalador/instalador_prueba/project/hsi_system_Optimized_v1.0/compiled/CMakeFiles/CMakeTmp

Run Build Command:/usr/bin/make "cmTryCompileExec/fast"
/usr/bin/make -f CMakeFiles/cmTryCompileExec.dir/build.make CMakeFiles/cmTryCompileExec.dir/build
make[1]: se ingresa al directorio «/home/skynet/instalador/instalador_prueba/project/hsi_system_Optimized_v1.0/compiled/CMakeFiles/CMakeTmp»
/usr/bin/cmake -E cmake_progress_report /home/skynet/instalador/instalador_prueba/project/hsi_system_Optimized_v1.0/compiled/CMakeFiles/CMakeTmp/CMakeFiles 1
Building CXX object CMakeFiles/cmTryCompileExec.dir/src.cxx.o
/usr/bin/c++    -Dcheck_cxx_compiler_flag__march_merom   -march=merom -o CMakeFiles/cmTryCompileExec.dir/src.cxx.o -c /home/skynet/instalador/instalador_prueba/project/hsi_system_Optimized_v1.0/compiled/CMakeFiles/CMakeTmp/src.cxx
/home/skynet/instalador/instalador_prueba/project/hsi_system_Optimized_v1.0/compiled/CMakeFiles/CMakeTmp/src.cxx:1:0: error: valor erróneo (merom) para -march= switch
make[1]: *** [CMakeFiles/cmTryCompileExec.dir/src.cxx.o] Error 1
make[1]: se sale del directorio «/home/skynet/instalador/instalador_prueba/project/hsi_system_Optimized_v1.0/compiled/CMakeFiles/CMakeTmp»
make: *** [cmTryCompileExec/fast] Error 2

Source file was:
int main() { return 0; }
Performing C++ SOURCE FILE Test check_cxx_compiler_flag__mno_avx2 failed with the following output:
Change Dir: /home/skynet/instalador/instalador_prueba/project/hsi_system_Optimized_v1.0/compiled/CMakeFiles/CMakeTmp

Run Build Command:/usr/bin/make "cmTryCompileExec/fast"
/usr/bin/make -f CMakeFiles/cmTryCompileExec.dir/build.make CMakeFiles/cmTryCompileExec.dir/build
make[1]: se ingresa al directorio «/home/skynet/instalador/instalador_prueba/project/hsi_system_Optimized_v1.0/compiled/CMakeFiles/CMakeTmp»
/usr/bin/cmake -E cmake_progress_report /home/skynet/instalador/instalador_prueba/project/hsi_system_Optimized_v1.0/compiled/CMakeFiles/CMakeTmp/CMakeFiles 1
Building CXX object CMakeFiles/cmTryCompileExec.dir/src.cxx.o
/usr/bin/c++    -Dcheck_cxx_compiler_flag__mno_avx2   -mno-avx2 -o CMakeFiles/cmTryCompileExec.dir/src.cxx.o -c /home/skynet/instalador/instalador_prueba/project/hsi_system_Optimized_v1.0/compiled/CMakeFiles/CMakeTmp/src.cxx
cc1plus: error: no se reconoce la opción de línea de órdenes ‘-mno-avx2’
make[1]: *** [CMakeFiles/cmTryCompileExec.dir/src.cxx.o] Error 1
make[1]: se sale del directorio «/home/skynet/instalador/instalador_prueba/project/hsi_system_Optimized_v1.0/compiled/CMakeFiles/CMakeTmp»
make: *** [cmTryCompileExec/fast] Error 2

Source file was:
int main() { return 0; }
Determining if the function pthread_create exists in the pthreads failed with the following output:
Change Dir: /home/skynet/instalador/instalador_prueba/project/hsi_system_Optimized_v1.0/compiled/CMakeFiles/CMakeTmp

Run Build Command:/usr/bin/make "cmTryCompileExec/fast"
/usr/bin/make -f CMakeFiles/cmTryCompileExec.dir/build.make CMakeFiles/cmTryCompileExec.dir/build
make[1]: se ingresa al directorio «/home/skynet/instalador/instalador_prueba/project/hsi_system_Optimized_v1.0/compiled/CMakeFiles/CMakeTmp»
/usr/bin/cmake -E cmake_progress_report /home/skynet/instalador/instalador_prueba/project/hsi_system_Optimized_v1.0/compiled/CMakeFiles/CMakeTmp/CMakeFiles 1
Building C object CMakeFiles/cmTryCompileExec.dir/CheckFunctionExists.c.o
/usr/bin/gcc   -DCHECK_FUNCTION_EXISTS=pthread_create   -o CMakeFiles/cmTryCompileExec.dir/CheckFunctionExists.c.o   -c /usr/share/cmake-2.8/Modules/CheckFunctionExists.c
Linking C executable cmTryCompileExec
/usr/bin/cmake -E cmake_link_script CMakeFiles/cmTryCompileExec.dir/link.txt --verbose=1
/usr/bin/gcc     -DCHECK_FUNCTION_EXISTS=pthread_create    CMakeFiles/cmTryCompileExec.dir/CheckFunctionExists.c.o  -o cmTryCompileExec -rdynamic -lpthreads 
/usr/bin/ld: cannot find -lpthreads
collect2: ld devolvió el estado de salida 1
make[1]: *** [cmTryCompileExec] Error 1
make[1]: se sale del directorio «/home/skynet/instalador/instalador_prueba/project/hsi_system_Optimized_v1.0/compiled/CMakeFiles/CMakeTmp»
make: *** [cmTryCompileExec/fast] Error 2


Performing C++ SOURCE FILE Test check_cxx_compiler_flag__march_merom failed with the following output:
Change Dir: /home/skynet/instalador/instalador_prueba/project/hsi_system_Optimized_v1.0/compiled/CMakeFiles/CMakeTmp

Run Build Command:/usr/bin/make "cmTryCompileExec/fast"
/usr/bin/make -f CMakeFiles/cmTryCompileExec.dir/build.make CMakeFiles/cmTryCompileExec.dir/build
make[1]: se ingresa al directorio «/home/skynet/instalador/instalador_prueba/project/hsi_system_Optimized_v1.0/compiled/CMakeFiles/CMakeTmp»
/usr/bin/cmake -E cmake_progress_report /home/skynet/instalador/instalador_prueba/project/hsi_system_Optimized_v1.0/compiled/CMakeFiles/CMakeTmp/CMakeFiles 1
Building CXX object CMakeFiles/cmTryCompileExec.dir/src.cxx.o
/usr/bin/c++    -Dcheck_cxx_compiler_flag__march_merom   -march=merom -o CMakeFiles/cmTryCompileExec.dir/src.cxx.o -c /home/skynet/instalador/instalador_prueba/project/hsi_system_Optimized_v1.0/compiled/CMakeFiles/CMakeTmp/src.cxx
/home/skynet/instalador/instalador_prueba/project/hsi_system_Optimized_v1.0/compiled/CMakeFiles/CMakeTmp/src.cxx:1:0: error: valor erróneo (merom) para -march= switch
make[1]: *** [CMakeFiles/cmTryCompileExec.dir/src.cxx.o] Error 1
make[1]: se sale del directorio «/home/skynet/instalador/instalador_prueba/project/hsi_system_Optimized_v1.0/compiled/CMakeFiles/CMakeTmp»
make: *** [cmTryCompileExec/fast] Error 2

Source file was:
int main() { return 0; }
Performing C++ SOURCE FILE Test check_cxx_compiler_flag__mno_avx2 failed with the following output:
Change Dir: /home/skynet/instalador/instalador_prueba/project/hsi_system_Optimized_v1.0/compiled/CMakeFiles/CMakeTmp

Run Build Command:/usr/bin/make "cmTryCompileExec/fast"
/usr/bin/make -f CMakeFiles/cmTryCompileExec.dir/build.make CMakeFiles/cmTryCompileExec.dir/build
make[1]: se ingresa al directorio «/home/skynet/instalador/instalador_prueba/project/hsi_system_Optimized_v1.0/compiled/CMakeFiles/CMakeTmp»
/usr/bin/cmake -E cmake_progress_report /home/skynet/instalador/instalador_prueba/project/hsi_system_Optimized_v1.0/compiled/CMakeFiles/CMakeTmp/CMakeFiles 1
Building CXX object CMakeFiles/cmTryCompileExec.dir/src.cxx.o
/usr/bin/c++    -Dcheck_cxx_compiler_flag__mno_avx2   -mno-avx2 -o CMakeFiles/cmTryCompileExec.dir/src.cxx.o -c /home/skynet/instalador/instalador_prueba/project/hsi_system_Optimized_v1.0/compiled/CMakeFiles/CMakeTmp/src.cxx
cc1plus: error: no se reconoce la opción de línea de órdenes ‘-mno-avx2’
make[1]: *** [CMakeFiles/cmTryCompileExec.dir/src.cxx.o] Error 1
make[1]: se sale del directorio «/home/skynet/instalador/instalador_prueba/project/hsi_system_Optimized_v1.0/compiled/CMakeFiles/CMakeTmp»
make: *** [cmTryCompileExec/fast] Error 2

Source file was:
int main() { return 0; }
Determining if the function pthread_create exists in the pthreads failed with the following output:
Change Dir: /home/skynet/instalador/instalador_prueba/project/hsi_system_Optimized_v1.0/compiled/CMakeFiles/CMakeTmp

Run Build Command:/usr/bin/make "cmTryCompileExec/fast"
/usr/bin/make -f CMakeFiles/cmTryCompileExec.dir/build.make CMakeFiles/cmTryCompileExec.dir/build
make[1]: se ingresa al directorio «/home/skynet/instalador/instalador_prueba/project/hsi_system_Optimized_v1.0/compiled/CMakeFiles/CMakeTmp»
/usr/bin/cmake -E cmake_progress_report /home/skynet/instalador/instalador_prueba/project/hsi_system_Optimized_v1.0/compiled/CMakeFiles/CMakeTmp/CMakeFiles 1
Building C object CMakeFiles/cmTryCompileExec.dir/CheckFunctionExists.c.o
/usr/bin/gcc   -DCHECK_FUNCTION_EXISTS=pthread_create   -o CMakeFiles/cmTryCompileExec.dir/CheckFunctionExists.c.o   -c /usr/share/cmake-2.8/Modules/CheckFunctionExists.c
Linking C executable cmTryCompileExec
/usr/bin/cmake -E cmake_link_script CMakeFiles/cmTryCompileExec.dir/link.txt --verbose=1
/usr/bin/gcc     -DCHECK_FUNCTION_EXISTS=pthread_create    CMakeFiles/cmTryCompileExec.dir/CheckFunctionExists.c.o  -o cmTryCompileExec -rdynamic -lpthreads 
/usr/bin/ld: cannot find -lpthreads
collect2: ld devolvió el estado de salida 1
make[1]: *** [cmTryCompileExec] Error 1
make[1]: se sale del directorio «/home/skynet/instalador/instalador_prueba/project/hsi_system_Optimized_v1.0/compiled/CMakeFiles/CMakeTmp»
make: *** [cmTryCompileExec/fast] Error 2


Performing C++ SOURCE FILE Test check_cxx_compiler_flag__march_merom failed with the following output:
Change Dir: /home/skynet/instalador/instalador_prueba/project/hsi_system_Optimized_v1.0/compiled/CMakeFiles/CMakeTmp

Run Build Command:/usr/bin/make "cmTryCompileExec/fast"
/usr/bin/make -f CMakeFiles/cmTryCompileExec.dir/build.make CMakeFiles/cmTryCompileExec.dir/build
make[1]: se ingresa al directorio «/home/skynet/instalador/instalador_prueba/project/hsi_system_Optimized_v1.0/compiled/CMakeFiles/CMakeTmp»
/usr/bin/cmake -E cmake_progress_report /home/skynet/instalador/instalador_prueba/project/hsi_system_Optimized_v1.0/compiled/CMakeFiles/CMakeTmp/CMakeFiles 1
Building CXX object CMakeFiles/cmTryCompileExec.dir/src.cxx.o
/usr/bin/c++    -Dcheck_cxx_compiler_flag__march_merom   -march=merom -o CMakeFiles/cmTryCompileExec.dir/src.cxx.o -c /home/skynet/instalador/instalador_prueba/project/hsi_system_Optimized_v1.0/compiled/CMakeFiles/CMakeTmp/src.cxx
/home/skynet/instalador/instalador_prueba/project/hsi_system_Optimized_v1.0/compiled/CMakeFiles/CMakeTmp/src.cxx:1:0: error: valor erróneo (merom) para -march= switch
make[1]: *** [CMakeFiles/cmTryCompileExec.dir/src.cxx.o] Error 1
make[1]: se sale del directorio «/home/skynet/instalador/instalador_prueba/project/hsi_system_Optimized_v1.0/compiled/CMakeFiles/CMakeTmp»
make: *** [cmTryCompileExec/fast] Error 2

Source file was:
int main() { return 0; }
Performing C++ SOURCE FILE Test check_cxx_compiler_flag__mno_avx2 failed with the following output:
Change Dir: /home/skynet/instalador/instalador_prueba/project/hsi_system_Optimized_v1.0/compiled/CMakeFiles/CMakeTmp

Run Build Command:/usr/bin/make "cmTryCompileExec/fast"
/usr/bin/make -f CMakeFiles/cmTryCompileExec.dir/build.make CMakeFiles/cmTryCompileExec.dir/build
make[1]: se ingresa al directorio «/home/skynet/instalador/instalador_prueba/project/hsi_system_Optimized_v1.0/compiled/CMakeFiles/CMakeTmp»
/usr/bin/cmake -E cmake_progress_report /home/skynet/instalador/instalador_prueba/project/hsi_system_Optimized_v1.0/compiled/CMakeFiles/CMakeTmp/CMakeFiles 1
Building CXX object CMakeFiles/cmTryCompileExec.dir/src.cxx.o
/usr/bin/c++    -Dcheck_cxx_compiler_flag__mno_avx2   -mno-avx2 -o CMakeFiles/cmTryCompileExec.dir/src.cxx.o -c /home/skynet/instalador/instalador_prueba/project/hsi_system_Optimized_v1.0/compiled/CMakeFiles/CMakeTmp/src.cxx
cc1plus: error: no se reconoce la opción de línea de órdenes ‘-mno-avx2’
make[1]: *** [CMakeFiles/cmTryCompileExec.dir/src.cxx.o] Error 1
make[1]: se sale del directorio «/home/skynet/instalador/instalador_prueba/project/hsi_system_Optimized_v1.0/compiled/CMakeFiles/CMakeTmp»
make: *** [cmTryCompileExec/fast] Error 2

Source file was:
int main() { return 0; }
Determining if the function pthread_create exists in the pthreads failed with the following output:
Change Dir: /home/skynet/instalador/instalador_prueba/project/hsi_system_Optimized_v1.0/compiled/CMakeFiles/CMakeTmp

Run Build Command:/usr/bin/make "cmTryCompileExec/fast"
/usr/bin/make -f CMakeFiles/cmTryCompileExec.dir/build.make CMakeFiles/cmTryCompileExec.dir/build
make[1]: se ingresa al directorio «/home/skynet/instalador/instalador_prueba/project/hsi_system_Optimized_v1.0/compiled/CMakeFiles/CMakeTmp»
/usr/bin/cmake -E cmake_progress_report /home/skynet/instalador/instalador_prueba/project/hsi_system_Optimized_v1.0/compiled/CMakeFiles/CMakeTmp/CMakeFiles 1
Building C object CMakeFiles/cmTryCompileExec.dir/CheckFunctionExists.c.o
/usr/bin/gcc   -DCHECK_FUNCTION_EXISTS=pthread_create   -o CMakeFiles/cmTryCompileExec.dir/CheckFunctionExists.c.o   -c /usr/share/cmake-2.8/Modules/CheckFunctionExists.c
Linking C executable cmTryCompileExec
/usr/bin/cmake -E cmake_link_script CMakeFiles/cmTryCompileExec.dir/link.txt --verbose=1
/usr/bin/gcc     -DCHECK_FUNCTION_EXISTS=pthread_create    CMakeFiles/cmTryCompileExec.dir/CheckFunctionExists.c.o  -o cmTryCompileExec -rdynamic -lpthreads 
/usr/bin/ld: cannot find -lpthreads
collect2: ld devolvió el estado de salida 1
make[1]: *** [cmTryCompileExec] Error 1
make[1]: se sale del directorio «/home/skynet/instalador/instalador_prueba/project/hsi_system_Optimized_v1.0/compiled/CMakeFiles/CMakeTmp»
make: *** [cmTryCompileExec/fast] Error 2


Performing C++ SOURCE FILE Test check_cxx_compiler_flag__march_merom failed with the following output:
Change Dir: /home/skynet/instalador/instalador_prueba/project/hsi_system_Optimized_v1.0/compiled/CMakeFiles/CMakeTmp

Run Build Command:/usr/bin/make "cmTryCompileExec/fast"
/usr/bin/make -f CMakeFiles/cmTryCompileExec.dir/build.make CMakeFiles/cmTryCompileExec.dir/build
make[1]: se ingresa al directorio «/home/skynet/instalador/instalador_prueba/project/hsi_system_Optimized_v1.0/compiled/CMakeFiles/CMakeTmp»
/usr/bin/cmake -E cmake_progress_report /home/skynet/instalador/instalador_prueba/project/hsi_system_Optimized_v1.0/compiled/CMakeFiles/CMakeTmp/CMakeFiles 1
Building CXX object CMakeFiles/cmTryCompileExec.dir/src.cxx.o
/usr/bin/c++    -Dcheck_cxx_compiler_flag__march_merom   -march=merom -o CMakeFiles/cmTryCompileExec.dir/src.cxx.o -c /home/skynet/instalador/instalador_prueba/project/hsi_system_Optimized_v1.0/compiled/CMakeFiles/CMakeTmp/src.cxx
/home/skynet/instalador/instalador_prueba/project/hsi_system_Optimized_v1.0/compiled/CMakeFiles/CMakeTmp/src.cxx:1:0: error: valor erróneo (merom) para -march= switch
make[1]: *** [CMakeFiles/cmTryCompileExec.dir/src.cxx.o] Error 1
make[1]: se sale del directorio «/home/skynet/instalador/instalador_prueba/project/hsi_system_Optimized_v1.0/compiled/CMakeFiles/CMakeTmp»
make: *** [cmTryCompileExec/fast] Error 2

Source file was:
int main() { return 0; }
Performing C++ SOURCE FILE Test check_cxx_compiler_flag__mno_avx2 failed with the following output:
Change Dir: /home/skynet/instalador/instalador_prueba/project/hsi_system_Optimized_v1.0/compiled/CMakeFiles/CMakeTmp

Run Build Command:/usr/bin/make "cmTryCompileExec/fast"
/usr/bin/make -f CMakeFiles/cmTryCompileExec.dir/build.make CMakeFiles/cmTryCompileExec.dir/build
make[1]: se ingresa al directorio «/home/skynet/instalador/instalador_prueba/project/hsi_system_Optimized_v1.0/compiled/CMakeFiles/CMakeTmp»
/usr/bin/cmake -E cmake_progress_report /home/skynet/instalador/instalador_prueba/project/hsi_system_Optimized_v1.0/compiled/CMakeFiles/CMakeTmp/CMakeFiles 1
Building CXX object CMakeFiles/cmTryCompileExec.dir/src.cxx.o
/usr/bin/c++    -Dcheck_cxx_compiler_flag__mno_avx2   -mno-avx2 -o CMakeFiles/cmTryCompileExec.dir/src.cxx.o -c /home/skynet/instalador/instalador_prueba/project/hsi_system_Optimized_v1.0/compiled/CMakeFiles/CMakeTmp/src.cxx
cc1plus: error: no se reconoce la opción de línea de órdenes ‘-mno-avx2’
make[1]: *** [CMakeFiles/cmTryCompileExec.dir/src.cxx.o] Error 1
make[1]: se sale del directorio «/home/skynet/instalador/instalador_prueba/project/hsi_system_Optimized_v1.0/compiled/CMakeFiles/CMakeTmp»
make: *** [cmTryCompileExec/fast] Error 2

Source file was:
int main() { return 0; }
Determining if the function pthread_create exists in the pthreads failed with the following output:
Change Dir: /home/skynet/instalador/instalador_prueba/project/hsi_system_Optimized_v1.0/compiled/CMakeFiles/CMakeTmp

Run Build Command:/usr/bin/make "cmTryCompileExec/fast"
/usr/bin/make -f CMakeFiles/cmTryCompileExec.dir/build.make CMakeFiles/cmTryCompileExec.dir/build
make[1]: se ingresa al directorio «/home/skynet/instalador/instalador_prueba/project/hsi_system_Optimized_v1.0/compiled/CMakeFiles/CMakeTmp»
/usr/bin/cmake -E cmake_progress_report /home/skynet/instalador/instalador_prueba/project/hsi_system_Optimized_v1.0/compiled/CMakeFiles/CMakeTmp/CMakeFiles 1
Building C object CMakeFiles/cmTryCompileExec.dir/CheckFunctionExists.c.o
/usr/bin/gcc   -DCHECK_FUNCTION_EXISTS=pthread_create   -o CMakeFiles/cmTryCompileExec.dir/CheckFunctionExists.c.o   -c /usr/share/cmake-2.8/Modules/CheckFunctionExists.c
Linking C executable cmTryCompileExec
/usr/bin/cmake -E cmake_link_script CMakeFiles/cmTryCompileExec.dir/link.txt --verbose=1
/usr/bin/gcc     -DCHECK_FUNCTION_EXISTS=pthread_create    CMakeFiles/cmTryCompileExec.dir/CheckFunctionExists.c.o  -o cmTryCompileExec -rdynamic -lpthreads 
/usr/bin/ld: cannot find -lpthreads
collect2: ld devolvió el estado de salida 1
make[1]: *** [cmTryCompileExec] Error 1
make[1]: se sale del directorio «/home/skynet/instalador/instalador_prueba/project/hsi_system_Optimized_v1.0/compiled/CMakeFiles/CMakeTmp»
make: *** [cmTryCompileExec/fast] Error 2


Performing C++ SOURCE FILE Test check_cxx_compiler_flag__march_merom failed with the following output:
Change Dir: /home/skynet/instalador/instalador_prueba/project/hsi_system_Optimized_v1.0/compiled/CMakeFiles/CMakeTmp

Run Build Command:/usr/bin/make "cmTryCompileExec/fast"
/usr/bin/make -f CMakeFiles/cmTryCompileExec.dir/build.make CMakeFiles/cmTryCompileExec.dir/build
make[1]: se ingresa al directorio «/home/skynet/instalador/instalador_prueba/project/hsi_system_Optimized_v1.0/compiled/CMakeFiles/CMakeTmp»
/usr/bin/cmake -E cmake_progress_report /home/skynet/instalador/instalador_prueba/project/hsi_system_Optimized_v1.0/compiled/CMakeFiles/CMakeTmp/CMakeFiles 1
Building CXX object CMakeFiles/cmTryCompileExec.dir/src.cxx.o
/usr/bin/c++    -Dcheck_cxx_compiler_flag__march_merom   -march=merom -o CMakeFiles/cmTryCompileExec.dir/src.cxx.o -c /home/skynet/instalador/instalador_prueba/project/hsi_system_Optimized_v1.0/compiled/CMakeFiles/CMakeTmp/src.cxx
/home/skynet/instalador/instalador_prueba/project/hsi_system_Optimized_v1.0/compiled/CMakeFiles/CMakeTmp/src.cxx:1:0: error: valor erróneo (merom) para -march= switch
make[1]: *** [CMakeFiles/cmTryCompileExec.dir/src.cxx.o] Error 1
make[1]: se sale del directorio «/home/skynet/instalador/instalador_prueba/project/hsi_system_Optimized_v1.0/compiled/CMakeFiles/CMakeTmp»
make: *** [cmTryCompileExec/fast] Error 2

Source file was:
int main() { return 0; }
Performing C++ SOURCE FILE Test check_cxx_compiler_flag__mno_avx2 failed with the following output:
Change Dir: /home/skynet/instalador/instalador_prueba/project/hsi_system_Optimized_v1.0/compiled/CMakeFiles/CMakeTmp

Run Build Command:/usr/bin/make "cmTryCompileExec/fast"
/usr/bin/make -f CMakeFiles/cmTryCompileExec.dir/build.make CMakeFiles/cmTryCompileExec.dir/build
make[1]: se ingresa al directorio «/home/skynet/instalador/instalador_prueba/project/hsi_system_Optimized_v1.0/compiled/CMakeFiles/CMakeTmp»
/usr/bin/cmake -E cmake_progress_report /home/skynet/instalador/instalador_prueba/project/hsi_system_Optimized_v1.0/compiled/CMakeFiles/CMakeTmp/CMakeFiles 1
Building CXX object CMakeFiles/cmTryCompileExec.dir/src.cxx.o
/usr/bin/c++    -Dcheck_cxx_compiler_flag__mno_avx2   -mno-avx2 -o CMakeFiles/cmTryCompileExec.dir/src.cxx.o -c /home/skynet/instalador/instalador_prueba/project/hsi_system_Optimized_v1.0/compiled/CMakeFiles/CMakeTmp/src.cxx
cc1plus: error: no se reconoce la opción de línea de órdenes ‘-mno-avx2’
make[1]: *** [CMakeFiles/cmTryCompileExec.dir/src.cxx.o] Error 1
make[1]: se sale del directorio «/home/skynet/instalador/instalador_prueba/project/hsi_system_Optimized_v1.0/compiled/CMakeFiles/CMakeTmp»
make: *** [cmTryCompileExec/fast] Error 2

Source file was:
int main() { return 0; }
Determining if the function pthread_create exists in the pthreads failed with the following output:
Change Dir: /home/skynet/instalador/instalador_prueba/project/hsi_system_Optimized_v1.0/compiled/CMakeFiles/CMakeTmp

Run Build Command:/usr/bin/make "cmTryCompileExec/fast"
/usr/bin/make -f CMakeFiles/cmTryCompileExec.dir/build.make CMakeFiles/cmTryCompileExec.dir/build
make[1]: se ingresa al directorio «/home/skynet/instalador/instalador_prueba/project/hsi_system_Optimized_v1.0/compiled/CMakeFiles/CMakeTmp»
/usr/bin/cmake -E cmake_progress_report /home/skynet/instalador/instalador_prueba/project/hsi_system_Optimized_v1.0/compiled/CMakeFiles/CMakeTmp/CMakeFiles 1
Building C object CMakeFiles/cmTryCompileExec.dir/CheckFunctionExists.c.o
/usr/bin/gcc   -DCHECK_FUNCTION_EXISTS=pthread_create   -o CMakeFiles/cmTryCompileExec.dir/CheckFunctionExists.c.o   -c /usr/share/cmake-2.8/Modules/CheckFunctionExists.c
Linking C executable cmTryCompileExec
/usr/bin/cmake -E cmake_link_script CMakeFiles/cmTryCompileExec.dir/link.txt --verbose=1
/usr/bin/gcc     -DCHECK_FUNCTION_EXISTS=pthread_create    CMakeFiles/cmTryCompileExec.dir/CheckFunctionExists.c.o  -o cmTryCompileExec -rdynamic -lpthreads 
/usr/bin/ld: cannot find -lpthreads
collect2: ld devolvió el estado de salida 1
make[1]: *** [cmTryCompileExec] Error 1
make[1]: se sale del directorio «/home/skynet/instalador/instalador_prueba/project/hsi_system_Optimized_v1.0/compiled/CMakeFiles/CMakeTmp»
make: *** [cmTryCompileExec/fast] Error 2


Performing C++ SOURCE FILE Test check_cxx_compiler_flag__march_merom failed with the following output:
Change Dir: /home/skynet/instalador/instalador_prueba/project/hsi_system_Optimized_v2.0/compiled/CMakeFiles/CMakeTmp

Run Build Command:/usr/bin/make "cmTryCompileExec/fast"
/usr/bin/make -f CMakeFiles/cmTryCompileExec.dir/build.make CMakeFiles/cmTryCompileExec.dir/build
make[1]: se ingresa al directorio «/home/skynet/instalador/instalador_prueba/project/hsi_system_Optimized_v2.0/compiled/CMakeFiles/CMakeTmp»
/usr/bin/cmake -E cmake_progress_report /home/skynet/instalador/instalador_prueba/project/hsi_system_Optimized_v2.0/compiled/CMakeFiles/CMakeTmp/CMakeFiles 1
Building CXX object CMakeFiles/cmTryCompileExec.dir/src.cxx.o
/usr/bin/c++    -Dcheck_cxx_compiler_flag__march_merom   -march=merom -o CMakeFiles/cmTryCompileExec.dir/src.cxx.o -c /home/skynet/instalador/instalador_prueba/project/hsi_system_Optimized_v2.0/compiled/CMakeFiles/CMakeTmp/src.cxx
/home/skynet/instalador/instalador_prueba/project/hsi_system_Optimized_v2.0/compiled/CMakeFiles/CMakeTmp/src.cxx:1:0: error: valor erróneo (merom) para -march= switch
make[1]: *** [CMakeFiles/cmTryCompileExec.dir/src.cxx.o] Error 1
make[1]: se sale del directorio «/home/skynet/instalador/instalador_prueba/project/hsi_system_Optimized_v2.0/compiled/CMakeFiles/CMakeTmp»
make: *** [cmTryCompileExec/fast] Error 2

Source file was:
int main() { return 0; }
Performing C++ SOURCE FILE Test check_cxx_compiler_flag__mno_avx2 failed with the following output:
Change Dir: /home/skynet/instalador/instalador_prueba/project/hsi_system_Optimized_v2.0/compiled/CMakeFiles/CMakeTmp

Run Build Command:/usr/bin/make "cmTryCompileExec/fast"
/usr/bin/make -f CMakeFiles/cmTryCompileExec.dir/build.make CMakeFiles/cmTryCompileExec.dir/build
make[1]: se ingresa al directorio «/home/skynet/instalador/instalador_prueba/project/hsi_system_Optimized_v2.0/compiled/CMakeFiles/CMakeTmp»
/usr/bin/cmake -E cmake_progress_report /home/skynet/instalador/instalador_prueba/project/hsi_system_Optimized_v2.0/compiled/CMakeFiles/CMakeTmp/CMakeFiles 1
Building CXX object CMakeFiles/cmTryCompileExec.dir/src.cxx.o
/usr/bin/c++    -Dcheck_cxx_compiler_flag__mno_avx2   -mno-avx2 -o CMakeFiles/cmTryCompileExec.dir/src.cxx.o -c /home/skynet/instalador/instalador_prueba/project/hsi_system_Optimized_v2.0/compiled/CMakeFiles/CMakeTmp/src.cxx
cc1plus: error: no se reconoce la opción de línea de órdenes ‘-mno-avx2’
make[1]: *** [CMakeFiles/cmTryCompileExec.dir/src.cxx.o] Error 1
make[1]: se sale del directorio «/home/skynet/instalador/instalador_prueba/project/hsi_system_Optimized_v2.0/compiled/CMakeFiles/CMakeTmp»
make: *** [cmTryCompileExec/fast] Error 2

Source file was:
int main() { return 0; }
Determining if the function pthread_create exists in the pthreads failed with the following output:
Change Dir: /home/skynet/instalador/instalador_prueba/project/hsi_system_Optimized_v2.0/compiled/CMakeFiles/CMakeTmp

Run Build Command:/usr/bin/make "cmTryCompileExec/fast"
/usr/bin/make -f CMakeFiles/cmTryCompileExec.dir/build.make CMakeFiles/cmTryCompileExec.dir/build
make[1]: se ingresa al directorio «/home/skynet/instalador/instalador_prueba/project/hsi_system_Optimized_v2.0/compiled/CMakeFiles/CMakeTmp»
/usr/bin/cmake -E cmake_progress_report /home/skynet/instalador/instalador_prueba/project/hsi_system_Optimized_v2.0/compiled/CMakeFiles/CMakeTmp/CMakeFiles 1
Building C object CMakeFiles/cmTryCompileExec.dir/CheckFunctionExists.c.o
/usr/bin/gcc   -DCHECK_FUNCTION_EXISTS=pthread_create   -o CMakeFiles/cmTryCompileExec.dir/CheckFunctionExists.c.o   -c /usr/share/cmake-2.8/Modules/CheckFunctionExists.c
Linking C executable cmTryCompileExec
/usr/bin/cmake -E cmake_link_script CMakeFiles/cmTryCompileExec.dir/link.txt --verbose=1
/usr/bin/gcc     -DCHECK_FUNCTION_EXISTS=pthread_create    CMakeFiles/cmTryCompileExec.dir/CheckFunctionExists.c.o  -o cmTryCompileExec -rdynamic -lpthreads 
/usr/bin/ld: cannot find -lpthreads
collect2: ld devolvió el estado de salida 1
make[1]: *** [cmTryCompileExec] Error 1
make[1]: se sale del directorio «/home/skynet/instalador/instalador_prueba/project/hsi_system_Optimized_v2.0/compiled/CMakeFiles/CMakeTmp»
make: *** [cmTryCompileExec/fast] Error 2


